3sum.cpp
a.out
array.c
asm.c
biju.c
bitonic_subseq.cpp
ch5.c
ch5.o
child.c
commanChild.cpp
converToMax
convertToMax.cpp
data.cpp
dct.py
dijkstra.cpp
excel_column_num.cpp
exec.c
face.jpeg
fair.cpp
gcd.cpp
hello
hello.c
img_processing.py
input
kadane.cpp
kamlesh
kmp.cpp
linebyline
linebyline.c
map.cpp
Max_Non_Negative_SubArray.cpp
minimumlength.cpp
Min_Steps_in_Infinite_Grid.cpp
nohupout
nohup.out
Palindrome.cpp
prime_sum.cpp
python=3.6.5
Rearrange
redblue.cpp
return.c
roman.cpp
sereja.cpp
specialPalindromeAgain.cpp
spin.c
str.c
test.cpp
Untitled.ipynb
upper.c
Wave_array.cpp
pid:25649
